d:\gitrepository\studyc\chap03\debug\vc142.pdb
d:\gitrepository\studyc\chap03\debug\vc142.idb
d:\gitrepository\studyc\chap03\debug\3-1.obj
d:\gitrepository\studyc\chap03\debug\3-2.obj
d:\gitrepository\studyc\chap03\debug\3-3.obj
d:\gitrepository\studyc\chap03\debug\3-4.obj
d:\gitrepository\studyc\chap03\debug\3-5.obj
d:\gitrepository\studyc\cstructure\debug\chap03.exe
d:\gitrepository\studyc\cstructure\debug\chap03.ilk
d:\gitrepository\studyc\cstructure\debug\chap03.pdb
d:\gitrepository\calgorithm\chap03\debug\3-1.obj
d:\gitrepository\calgorithm\chap03\debug\3-2.obj
d:\gitrepository\calgorithm\chap03\debug\3-3.obj
d:\gitrepository\calgorithm\chap03\debug\3-4.obj
d:\gitrepository\calgorithm\chap03\debug\3-5.obj
d:\gitrepository\calgorithm\chap03\debug\vc142.idb
d:\gitrepository\calgorithm\chap03\debug\vc142.pdb
d:\gitrepository\calgorithm\debug\chap03.pdb
d:\gitrepository\calgorithm\chap03\debug\chap03.tlog\cl.command.1.tlog
d:\gitrepository\calgorithm\chap03\debug\chap03.tlog\cl.read.1.tlog
d:\gitrepository\calgorithm\chap03\debug\chap03.tlog\cl.write.1.tlog
d:\gitrepository\calgorithm\chap03\debug\chap03.tlog\link.14796-cvtres.read.1.tlog
d:\gitrepository\calgorithm\chap03\debug\chap03.tlog\link.14796-cvtres.write.1.tlog
d:\gitrepository\calgorithm\chap03\debug\chap03.tlog\link.14796-rc.read.1.tlog
d:\gitrepository\calgorithm\chap03\debug\chap03.tlog\link.14796-rc.write.1.tlog
d:\gitrepository\calgorithm\chap03\debug\chap03.tlog\link.14796.read.1.tlog
d:\gitrepository\calgorithm\chap03\debug\chap03.tlog\link.14796.write.1.tlog
d:\gitrepository\calgorithm\chap03\debug\chap03.tlog\link.command.1.tlog
d:\gitrepository\calgorithm\chap03\debug\chap03.tlog\link.read.1.tlog
d:\gitrepository\calgorithm\chap03\debug\chap03.tlog\link.write.1.tlog
